<?xml version="1.0" encoding="utf-8"?>
<test-run id="2" testcasecount="2" result="Failed(Child)" total="2" passed="0" failed="2" inconclusive="0" skipped="0" asserts="0" engine-version="3.5.0.0" clr-version="4.0.30319.42000" start-time="2026-01-23 18:58:41Z" end-time="2026-01-23 18:58:41Z" duration="0,0104047">
  <test-suite type="TestSuite" id="1026" name="Last Furrow" fullname="Last Furrow" runstate="Runnable" testcasecount="7" result="Failed" site="Child" start-time="2026-01-23 18:58:41Z" end-time="2026-01-23 18:58:41Z" duration="0.010405" total="2" passed="0" failed="2" inconclusive="0" skipped="0" asserts="0">
    <properties>
      <property name="platform" value="EditMode" />
    </properties>
    <failure>
      <message><![CDATA[One or more child tests had errors]]></message>
    </failure>
    <test-suite type="Assembly" id="1010" name="Assembly-CSharp-Editor.dll" fullname="D:/Projects Unity/Last Furrow/Library/ScriptAssemblies/Assembly-CSharp-Editor.dll" runstate="Runnable" testcasecount="7" result="Failed" site="Child" start-time="2026-01-23 18:58:41Z" end-time="2026-01-23 18:58:41Z" duration="0.004185" total="2" passed="0" failed="2" inconclusive="0" skipped="0" asserts="0">
      <properties>
        <property name="_PID" value="18488" />
        <property name="_APPDOMAIN" value="Unity Child Domain" />
        <property name="platform" value="EditMode" />
        <property name="EditorOnly" value="True" />
      </properties>
      <failure>
        <message><![CDATA[One or more child tests had errors]]></message>
      </failure>
      <test-suite type="TestFixture" id="1007" name="GridServiceTests" fullname="GridServiceTests" classname="GridServiceTests" runstate="Runnable" testcasecount="2" result="Failed" site="Child" start-time="2026-01-23 18:58:41Z" end-time="2026-01-23 18:58:41Z" duration="0.003099" total="2" passed="0" failed="2" inconclusive="0" skipped="0" asserts="0">
        <properties />
        <failure>
          <message><![CDATA[One or more child tests had errors]]></message>
        </failure>
        <test-case id="1009" name="ApplyCard_ReturnsFail_WhenIndexIsInvalid" fullname="GridServiceTests.ApplyCard_ReturnsFail_WhenIndexIsInvalid" methodname="ApplyCard_ReturnsFail_WhenIndexIsInvalid" classname="GridServiceTests" runstate="Runnable" seed="1040218055" result="Failed" start-time="2026-01-23 18:58:41Z" end-time="2026-01-23 18:58:41Z" duration="0.001073" asserts="0">
          <properties>
            <property name="retryIteration" value="0" />
            <property name="repeatIteration" value="0" />
          </properties>
          <failure>
            <message><![CDATA[SetUp : Unhandled log message: '[Error] [GridService] Configuração de Grid é NULA! Usando fallback perigoso.'. Use UnityEngine.TestTools.LogAssert.Expect]]></message>
            <stack-trace><![CDATA[GridService:.ctor (RunData,IGameLibrary,IGameStateProvider,GridConfiguration,PatternWeightConfig) (at Assets/Scripts/Domain/Grid/GridService.cs:38)
GridServiceTests:SetUp () (at Assets/Scripts/Tests/Editor/GridServiceTests.cs:30)
System.Reflection.MethodBase:Invoke (object,object[])
NUnit.Framework.Internal.Reflect:InvokeMethod (System.Reflection.MethodInfo,object,object[])
NUnit.Framework.Internal.Reflect:InvokeMethod (System.Reflection.MethodInfo,object)
UnityEditor.EditorApplication:Internal_CallUpdateFunctions ()

]]></stack-trace>
          </failure>
          <output><![CDATA[[GridService] Configuração de Grid é NULA! Usando fallback perigoso.
[GridInitializer] ? GridConfiguration é null! Não é possível inicializar.
]]></output>
        </test-case>
        <test-case id="1008" name="ApplyCard_ReturnsFail_WhenNotPlayingState" fullname="GridServiceTests.ApplyCard_ReturnsFail_WhenNotPlayingState" methodname="ApplyCard_ReturnsFail_WhenNotPlayingState" classname="GridServiceTests" runstate="Runnable" seed="1044699045" result="Failed" start-time="2026-01-23 18:58:41Z" end-time="2026-01-23 18:58:41Z" duration="0.000924" asserts="0">
          <properties>
            <property name="retryIteration" value="0" />
            <property name="repeatIteration" value="0" />
          </properties>
          <failure>
            <message><![CDATA[SetUp : Unhandled log message: '[Error] [GridService] Configuração de Grid é NULA! Usando fallback perigoso.'. Use UnityEngine.TestTools.LogAssert.Expect]]></message>
            <stack-trace><![CDATA[GridService:.ctor (RunData,IGameLibrary,IGameStateProvider,GridConfiguration,PatternWeightConfig) (at Assets/Scripts/Domain/Grid/GridService.cs:38)
GridServiceTests:SetUp () (at Assets/Scripts/Tests/Editor/GridServiceTests.cs:30)
System.Reflection.MethodBase:Invoke (object,object[])
NUnit.Framework.Internal.Reflect:InvokeMethod (System.Reflection.MethodInfo,object,object[])
NUnit.Framework.Internal.Reflect:InvokeMethod (System.Reflection.MethodInfo,object)
UnityEditor.EditorApplication:Internal_CallUpdateFunctions ()

]]></stack-trace>
          </failure>
          <output><![CDATA[[GridService] Configuração de Grid é NULA! Usando fallback perigoso.
[GridInitializer] ? GridConfiguration é null! Não é possível inicializar.
Saving results to: C:/Users/Davi/AppData/LocalLow/DefaultCompany/Last Furrow\TestResults.xml
]]></output>
        </test-case>
      </test-suite>
    </test-suite>
  </test-suite>
</test-run>