<?xml version="1.0" encoding="utf-8"?>
<test-run id="2" testcasecount="10" result="Passed" total="10" passed="10" failed="0" inconclusive="0" skipped="0" asserts="0" engine-version="3.5.0.0" clr-version="4.0.30319.42000" start-time="2026-02-03 11:20:58Z" end-time="2026-02-03 11:20:58Z" duration="0.1166602">
  <test-suite type="TestSuite" id="1022" name="Last Furrow" fullname="Last Furrow" runstate="Runnable" testcasecount="10" result="Passed" start-time="2026-02-03 11:20:58Z" end-time="2026-02-03 11:20:58Z" duration="0.116660" total="10" passed="10" failed="0" inconclusive="0" skipped="0" asserts="0">
    <properties>
      <property name="platform" value="EditMode" />
    </properties>
    <test-suite type="Assembly" id="1014" name="Assembly-CSharp-Editor.dll" fullname="C:/UnityProjects/LAST-FURROW/Library/ScriptAssemblies/Assembly-CSharp-Editor.dll" runstate="Runnable" testcasecount="10" result="Passed" start-time="2026-02-03 11:20:58Z" end-time="2026-02-03 11:20:58Z" duration="0.101502" total="10" passed="10" failed="0" inconclusive="0" skipped="0" asserts="0">
      <properties>
        <property name="_PID" value="7076" />
        <property name="_APPDOMAIN" value="Unity Child Domain" />
        <property name="platform" value="EditMode" />
        <property name="EditorOnly" value="True" />
      </properties>
      <test-suite type="TestFixture" id="1001" name="EconomyServiceTests" fullname="EconomyServiceTests" classname="EconomyServiceTests" runstate="Runnable" testcasecount="5" result="Passed" start-time="2026-02-03 11:20:58Z" end-time="2026-02-03 11:20:58Z" duration="0.048456" total="5" passed="5" failed="0" inconclusive="0" skipped="0" asserts="0">
        <properties />
        <test-case id="1002" name="CurrentMoney_ReturnsValueFromSaveManager" fullname="EconomyServiceTests.CurrentMoney_ReturnsValueFromSaveManager" methodname="CurrentMoney_ReturnsValueFromSaveManager" classname="EconomyServiceTests" runstate="Runnable" seed="2063771873" result="Passed" start-time="2026-02-03 11:20:58Z" end-time="2026-02-03 11:20:58Z" duration="0.019753" asserts="0">
          <properties>
            <property name="retryIteration" value="0" />
            <property name="repeatIteration" value="0" />
          </properties>
        </test-case>
        <test-case id="1003" name="Earn_IncreasesMoneyAndSaves" fullname="EconomyServiceTests.Earn_IncreasesMoneyAndSaves" methodname="Earn_IncreasesMoneyAndSaves" classname="EconomyServiceTests" runstate="Runnable" seed="987733701" result="Passed" start-time="2026-02-03 11:20:58Z" end-time="2026-02-03 11:20:58Z" duration="0.002988" asserts="0">
          <properties>
            <property name="retryIteration" value="0" />
            <property name="repeatIteration" value="0" />
          </properties>
          <output><![CDATA[[Economy] Ganhou $50 via Harvest. Saldo: $150
]]></output>
        </test-case>
        <test-case id="1006" name="Earn_TriggersBalanceChangedEvent" fullname="EconomyServiceTests.Earn_TriggersBalanceChangedEvent" methodname="Earn_TriggersBalanceChangedEvent" classname="EconomyServiceTests" runstate="Runnable" seed="865090646" result="Passed" start-time="2026-02-03 11:20:58Z" end-time="2026-02-03 11:20:58Z" duration="0.001981" asserts="0">
          <properties>
            <property name="retryIteration" value="0" />
            <property name="repeatIteration" value="0" />
          </properties>
          <output><![CDATA[[Economy] Ganhou $25 via Harvest. Saldo: $125
]]></output>
        </test-case>
        <test-case id="1005" name="TrySpend_FailsWhenInsufficientFunds" fullname="EconomyServiceTests.TrySpend_FailsWhenInsufficientFunds" methodname="TrySpend_FailsWhenInsufficientFunds" classname="EconomyServiceTests" runstate="Runnable" seed="1841274204" result="Passed" start-time="2026-02-03 11:20:58Z" end-time="2026-02-03 11:20:58Z" duration="0.001503" asserts="0">
          <properties>
            <property name="retryIteration" value="0" />
            <property name="repeatIteration" value="0" />
          </properties>
          <output><![CDATA[[Economy] Falha ao gastar $200 em ShopPurchase. Saldo Insuficiente.
]]></output>
        </test-case>
        <test-case id="1004" name="TrySpend_SucceedsWhenEnoughMoney" fullname="EconomyServiceTests.TrySpend_SucceedsWhenEnoughMoney" methodname="TrySpend_SucceedsWhenEnoughMoney" classname="EconomyServiceTests" runstate="Runnable" seed="855489310" result="Passed" start-time="2026-02-03 11:20:58Z" end-time="2026-02-03 11:20:58Z" duration="0.001032" asserts="0">
          <properties>
            <property name="retryIteration" value="0" />
            <property name="repeatIteration" value="0" />
          </properties>
          <output><![CDATA[[Economy] Gastou $40 em ShopPurchase. Saldo: $60
]]></output>
        </test-case>
      </test-suite>
      <test-suite type="TestFixture" id="1007" name="GridServiceTests" fullname="GridServiceTests" classname="GridServiceTests" runstate="Runnable" testcasecount="3" result="Passed" start-time="2026-02-03 11:20:58Z" end-time="2026-02-03 11:20:58Z" duration="0.031484" total="3" passed="3" failed="0" inconclusive="0" skipped="0" asserts="0">
        <properties />
        <test-case id="1009" name="ApplyCard_ReturnsFail_WhenIndexIsInvalid" fullname="GridServiceTests.ApplyCard_ReturnsFail_WhenIndexIsInvalid" methodname="ApplyCard_ReturnsFail_WhenIndexIsInvalid" classname="GridServiceTests" runstate="Runnable" seed="1698948925" result="Passed" start-time="2026-02-03 11:20:58Z" end-time="2026-02-03 11:20:58Z" duration="0.013728" asserts="0">
          <properties>
            <property name="retryIteration" value="0" />
            <property name="repeatIteration" value="0" />
          </properties>
          <output><![CDATA[[GridInitializer] Inicializando novo grid 3x3.
[UnlockPatternGenerator] Selecionado Padrão: Line
[RunIdentityContext] Inicializado com sucesso. Todos os serviços validados.
[InteractionFactory] ✓ Inicializado com sucesso! 6 estratégias injetadas.
[InteractionFactory] Limpeza concluída.
]]></output>
        </test-case>
        <test-case id="1008" name="ApplyCard_ReturnsFail_WhenNotPlayingState" fullname="GridServiceTests.ApplyCard_ReturnsFail_WhenNotPlayingState" methodname="ApplyCard_ReturnsFail_WhenNotPlayingState" classname="GridServiceTests" runstate="Runnable" seed="367410808" result="Passed" start-time="2026-02-03 11:20:58Z" end-time="2026-02-03 11:20:58Z" duration="0.003495" asserts="0">
          <properties>
            <property name="retryIteration" value="0" />
            <property name="repeatIteration" value="0" />
          </properties>
          <output><![CDATA[[GridInitializer] Inicializando novo grid 3x3.
[UnlockPatternGenerator] Selecionado Padrão: Corner
[RunIdentityContext] Inicializado com sucesso. Todos os serviços validados.
[InteractionFactory] ✓ Inicializado com sucesso! 6 estratégias injetadas.
[InteractionFactory] Limpeza concluída.
]]></output>
        </test-case>
        <test-case id="1010" name="ApplyCard_UpdatesRunData_WhenSuccess" fullname="GridServiceTests.ApplyCard_UpdatesRunData_WhenSuccess" methodname="ApplyCard_UpdatesRunData_WhenSuccess" classname="GridServiceTests" runstate="Runnable" seed="715339846" result="Passed" start-time="2026-02-03 11:20:58Z" end-time="2026-02-03 11:20:58Z" duration="0.007617" asserts="0">
          <properties>
            <property name="retryIteration" value="0" />
            <property name="repeatIteration" value="0" />
          </properties>
          <output><![CDATA[[GridInitializer] Inicializando novo grid 3x3.
[UnlockPatternGenerator] Selecionado Padrão: LShape
[RunIdentityContext] Inicializado com sucesso. Todos os serviços validados.
[InteractionFactory] ✓ Inicializado com sucesso! 6 estratégias injetadas.
[InteractionFactory] Limpeza concluída.
]]></output>
        </test-case>
      </test-suite>
      <test-suite type="TestFixture" id="1011" name="PatternDetectionTests" fullname="PatternDetectionTests" classname="PatternDetectionTests" runstate="Runnable" testcasecount="2" result="Passed" start-time="2026-02-03 11:20:58Z" end-time="2026-02-03 11:20:58Z" duration="0.017804" total="2" passed="2" failed="0" inconclusive="0" skipped="0" asserts="0">
        <properties />
        <test-case id="1012" name="DetectAt_ReturnsMatch_WhenHorizontalLineExists" fullname="PatternDetectionTests.DetectAt_ReturnsMatch_WhenHorizontalLineExists" methodname="DetectAt_ReturnsMatch_WhenHorizontalLineExists" classname="PatternDetectionTests" runstate="Runnable" seed="1890134823" result="Passed" start-time="2026-02-03 11:20:58Z" end-time="2026-02-03 11:20:58Z" duration="0.004757" asserts="0">
          <properties>
            <property name="retryIteration" value="0" />
            <property name="repeatIteration" value="0" />
          </properties>
        </test-case>
        <test-case id="1013" name="DetectAt_ReturnsNull_WhenLineIsBroken" fullname="PatternDetectionTests.DetectAt_ReturnsNull_WhenLineIsBroken" methodname="DetectAt_ReturnsNull_WhenLineIsBroken" classname="PatternDetectionTests" runstate="Runnable" seed="1229705259" result="Passed" start-time="2026-02-03 11:20:58Z" end-time="2026-02-03 11:20:58Z" duration="0.000680" asserts="0">
          <properties>
            <property name="retryIteration" value="0" />
            <property name="repeatIteration" value="0" />
          </properties>
          <output><![CDATA[Saving results to: C:/Users/davi_/AppData/LocalLow/DefaultCompany/Last Furrow\TestResults.xml
]]></output>
        </test-case>
      </test-suite>
    </test-suite>
  </test-suite>
</test-run>